{"/Users/mbadin/myapps/research/page-metadata/src/app.js": {"path":"/Users/mbadin/myapps/research/page-metadata/src/app.js","all":false,"statementMap":{"0":{"start":{"line":1,"column":0},"end":{"line":1,"column":24}},"1":{"start":{"line":2,"column":0},"end":{"line":2,"column":30}},"2":{"start":{"line":3,"column":0},"end":{"line":3,"column":56}},"3":{"start":{"line":4,"column":0},"end":{"line":4,"column":60}},"4":{"start":{"line":5,"column":0},"end":{"line":5,"column":0}},"5":{"start":{"line":6,"column":0},"end":{"line":6,"column":29}},"6":{"start":{"line":7,"column":0},"end":{"line":7,"column":24}},"7":{"start":{"line":8,"column":0},"end":{"line":8,"column":0}},"8":{"start":{"line":9,"column":0},"end":{"line":9,"column":30}},"9":{"start":{"line":10,"column":0},"end":{"line":10,"column":18}},"10":{"start":{"line":11,"column":0},"end":{"line":11,"column":0}},"11":{"start":{"line":12,"column":0},"end":{"line":12,"column":32}},"12":{"start":{"line":13,"column":0},"end":{"line":13,"column":34}},"13":{"start":{"line":14,"column":0},"end":{"line":14,"column":0}},"14":{"start":{"line":15,"column":0},"end":{"line":15,"column":13}},"15":{"start":{"line":16,"column":0},"end":{"line":16,"column":1}}},"s":{"0":1,"1":1,"2":1,"3":1,"4":1,"5":1,"6":9,"7":9,"8":9,"9":9,"10":9,"11":9,"12":9,"13":9,"14":9,"15":9},"branchMap":{"0":{"type":"branch","line":6,"loc":{"start":{"line":6,"column":7},"end":{"line":16,"column":1}},"locations":[{"start":{"line":6,"column":7},"end":{"line":16,"column":1}}]}},"b":{"0":[9]},"fnMap":{"0":{"name":"createApp","decl":{"start":{"line":6,"column":7},"end":{"line":16,"column":1}},"loc":{"start":{"line":6,"column":7},"end":{"line":16,"column":1}},"line":6}},"f":{"0":9}}
,"/Users/mbadin/myapps/research/page-metadata/src/config.js": {"path":"/Users/mbadin/myapps/research/page-metadata/src/config.js","all":false,"statementMap":{"0":{"start":{"line":1,"column":0},"end":{"line":1,"column":71}},"1":{"start":{"line":2,"column":0},"end":{"line":2,"column":0}},"2":{"start":{"line":3,"column":0},"end":{"line":3,"column":60}},"3":{"start":{"line":4,"column":0},"end":{"line":4,"column":40}},"4":{"start":{"line":5,"column":0},"end":{"line":5,"column":11}},"5":{"start":{"line":6,"column":0},"end":{"line":6,"column":0}},"6":{"start":{"line":7,"column":0},"end":{"line":7,"column":91}},"7":{"start":{"line":8,"column":0},"end":{"line":8,"column":0}},"8":{"start":{"line":9,"column":0},"end":{"line":9,"column":62}},"9":{"start":{"line":10,"column":0},"end":{"line":10,"column":41}},"10":{"start":{"line":11,"column":0},"end":{"line":11,"column":8}},"11":{"start":{"line":12,"column":0},"end":{"line":12,"column":0}},"12":{"start":{"line":13,"column":0},"end":{"line":13,"column":47}}},"s":{"0":1,"1":1,"2":1,"3":1,"4":1,"5":1,"6":1,"7":1,"8":1,"9":1,"10":1,"11":1,"12":1},"branchMap":{"0":{"type":"branch","line":1,"loc":{"start":{"line":1,"column":36},"end":{"line":1,"column":63}},"locations":[{"start":{"line":1,"column":36},"end":{"line":1,"column":63}}]},"1":{"type":"branch","line":1,"loc":{"start":{"line":1,"column":63},"end":{"line":1,"column":70}},"locations":[{"start":{"line":1,"column":63},"end":{"line":1,"column":70}}]},"2":{"type":"branch","line":4,"loc":{"start":{"line":4,"column":-1},"end":{"line":4,"column":40}},"locations":[{"start":{"line":4,"column":-1},"end":{"line":4,"column":40}}]},"3":{"type":"branch","line":5,"loc":{"start":{"line":5,"column":-1},"end":{"line":5,"column":10}},"locations":[{"start":{"line":5,"column":-1},"end":{"line":5,"column":10}}]},"4":{"type":"branch","line":7,"loc":{"start":{"line":7,"column":46},"end":{"line":7,"column":78}},"locations":[{"start":{"line":7,"column":46},"end":{"line":7,"column":78}}]},"5":{"type":"branch","line":7,"loc":{"start":{"line":7,"column":78},"end":{"line":7,"column":90}},"locations":[{"start":{"line":7,"column":78},"end":{"line":7,"column":90}}]},"6":{"type":"branch","line":10,"loc":{"start":{"line":10,"column":-1},"end":{"line":10,"column":41}},"locations":[{"start":{"line":10,"column":-1},"end":{"line":10,"column":41}}]},"7":{"type":"branch","line":11,"loc":{"start":{"line":11,"column":-1},"end":{"line":11,"column":7}},"locations":[{"start":{"line":11,"column":-1},"end":{"line":11,"column":7}}]}},"b":{"0":[1],"1":[7],"2":[1],"3":[7],"4":[1],"5":[7],"6":[1],"7":[7]},"fnMap":{},"f":{}}
,"/Users/mbadin/myapps/research/page-metadata/src/metadataUtils.js": {"path":"/Users/mbadin/myapps/research/page-metadata/src/metadataUtils.js","all":false,"statementMap":{"0":{"start":{"line":1,"column":0},"end":{"line":1,"column":31}},"1":{"start":{"line":2,"column":0},"end":{"line":2,"column":0}},"2":{"start":{"line":3,"column":0},"end":{"line":3,"column":45}},"3":{"start":{"line":4,"column":0},"end":{"line":4,"column":46}},"4":{"start":{"line":5,"column":0},"end":{"line":5,"column":53}},"5":{"start":{"line":6,"column":0},"end":{"line":6,"column":3}},"6":{"start":{"line":7,"column":0},"end":{"line":7,"column":0}},"7":{"start":{"line":8,"column":0},"end":{"line":8,"column":8}},"8":{"start":{"line":9,"column":0},"end":{"line":9,"column":7}},"9":{"start":{"line":10,"column":0},"end":{"line":10,"column":24}},"10":{"start":{"line":11,"column":0},"end":{"line":11,"column":11}},"11":{"start":{"line":12,"column":0},"end":{"line":12,"column":35}},"12":{"start":{"line":13,"column":0},"end":{"line":13,"column":3}},"13":{"start":{"line":14,"column":0},"end":{"line":14,"column":0}},"14":{"start":{"line":15,"column":0},"end":{"line":15,"column":58}},"15":{"start":{"line":16,"column":0},"end":{"line":16,"column":58}},"16":{"start":{"line":17,"column":0},"end":{"line":17,"column":3}},"17":{"start":{"line":18,"column":0},"end":{"line":18,"column":0}},"18":{"start":{"line":19,"column":0},"end":{"line":19,"column":11}},"19":{"start":{"line":20,"column":0},"end":{"line":20,"column":1}},"20":{"start":{"line":21,"column":0},"end":{"line":21,"column":0}},"21":{"start":{"line":22,"column":0},"end":{"line":22,"column":61}},"22":{"start":{"line":23,"column":0},"end":{"line":23,"column":69}},"23":{"start":{"line":24,"column":0},"end":{"line":24,"column":28}},"24":{"start":{"line":25,"column":0},"end":{"line":25,"column":54}},"25":{"start":{"line":26,"column":0},"end":{"line":26,"column":69}},"26":{"start":{"line":27,"column":0},"end":{"line":27,"column":44}},"27":{"start":{"line":28,"column":0},"end":{"line":28,"column":5}},"28":{"start":{"line":29,"column":0},"end":{"line":29,"column":3}},"29":{"start":{"line":30,"column":0},"end":{"line":30,"column":0}},"30":{"start":{"line":31,"column":0},"end":{"line":31,"column":23}},"31":{"start":{"line":32,"column":0},"end":{"line":32,"column":14}},"32":{"start":{"line":33,"column":0},"end":{"line":33,"column":3}},"33":{"start":{"line":34,"column":0},"end":{"line":34,"column":0}},"34":{"start":{"line":35,"column":0},"end":{"line":35,"column":43}},"35":{"start":{"line":36,"column":0},"end":{"line":36,"column":20}},"36":{"start":{"line":37,"column":0},"end":{"line":37,"column":16}},"37":{"start":{"line":38,"column":0},"end":{"line":38,"column":0}},"38":{"start":{"line":39,"column":0},"end":{"line":39,"column":16}},"39":{"start":{"line":40,"column":0},"end":{"line":40,"column":48}},"40":{"start":{"line":41,"column":0},"end":{"line":41,"column":20}},"41":{"start":{"line":42,"column":0},"end":{"line":42,"column":0}},"42":{"start":{"line":43,"column":0},"end":{"line":43,"column":30}},"43":{"start":{"line":44,"column":0},"end":{"line":44,"column":27}},"44":{"start":{"line":45,"column":0},"end":{"line":45,"column":44}},"45":{"start":{"line":46,"column":0},"end":{"line":46,"column":5}},"46":{"start":{"line":47,"column":0},"end":{"line":47,"column":0}},"47":{"start":{"line":48,"column":0},"end":{"line":48,"column":23}},"48":{"start":{"line":49,"column":0},"end":{"line":49,"column":3}},"49":{"start":{"line":50,"column":0},"end":{"line":50,"column":0}},"50":{"start":{"line":51,"column":0},"end":{"line":51,"column":39}},"51":{"start":{"line":52,"column":0},"end":{"line":52,"column":17}},"52":{"start":{"line":53,"column":0},"end":{"line":53,"column":27}},"53":{"start":{"line":54,"column":0},"end":{"line":54,"column":26}},"54":{"start":{"line":55,"column":0},"end":{"line":55,"column":27}},"55":{"start":{"line":56,"column":0},"end":{"line":56,"column":3}},"56":{"start":{"line":57,"column":0},"end":{"line":57,"column":0}},"57":{"start":{"line":58,"column":0},"end":{"line":58,"column":49}},"58":{"start":{"line":59,"column":0},"end":{"line":59,"column":1}},"59":{"start":{"line":60,"column":0},"end":{"line":60,"column":0}},"60":{"start":{"line":61,"column":0},"end":{"line":61,"column":36}},"61":{"start":{"line":62,"column":0},"end":{"line":62,"column":27}},"62":{"start":{"line":63,"column":0},"end":{"line":63,"column":32}},"63":{"start":{"line":64,"column":0},"end":{"line":64,"column":31}},"64":{"start":{"line":65,"column":0},"end":{"line":65,"column":34}},"65":{"start":{"line":66,"column":0},"end":{"line":66,"column":5}},"66":{"start":{"line":67,"column":0},"end":{"line":67,"column":3}},"67":{"start":{"line":68,"column":0},"end":{"line":68,"column":14}},"68":{"start":{"line":69,"column":0},"end":{"line":69,"column":1}},"69":{"start":{"line":70,"column":0},"end":{"line":70,"column":0}},"70":{"start":{"line":71,"column":0},"end":{"line":71,"column":46}},"71":{"start":{"line":72,"column":0},"end":{"line":72,"column":53}},"72":{"start":{"line":73,"column":0},"end":{"line":73,"column":7}},"73":{"start":{"line":74,"column":0},"end":{"line":74,"column":42}},"74":{"start":{"line":75,"column":0},"end":{"line":75,"column":11}},"75":{"start":{"line":76,"column":0},"end":{"line":76,"column":16}},"76":{"start":{"line":77,"column":0},"end":{"line":77,"column":3}},"77":{"start":{"line":78,"column":0},"end":{"line":78,"column":1}},"78":{"start":{"line":79,"column":0},"end":{"line":79,"column":0}},"79":{"start":{"line":80,"column":0},"end":{"line":80,"column":48}},"80":{"start":{"line":81,"column":0},"end":{"line":81,"column":23}},"81":{"start":{"line":82,"column":0},"end":{"line":82,"column":0}},"82":{"start":{"line":83,"column":0},"end":{"line":83,"column":78}},"83":{"start":{"line":84,"column":0},"end":{"line":84,"column":86}},"84":{"start":{"line":85,"column":0},"end":{"line":85,"column":0}},"85":{"start":{"line":86,"column":0},"end":{"line":86,"column":35}},"86":{"start":{"line":87,"column":0},"end":{"line":87,"column":31}},"87":{"start":{"line":88,"column":0},"end":{"line":88,"column":32}},"88":{"start":{"line":89,"column":0},"end":{"line":89,"column":30}},"89":{"start":{"line":90,"column":0},"end":{"line":90,"column":5}},"90":{"start":{"line":91,"column":0},"end":{"line":91,"column":0}},"91":{"start":{"line":92,"column":0},"end":{"line":92,"column":41}},"92":{"start":{"line":93,"column":0},"end":{"line":93,"column":37}},"93":{"start":{"line":94,"column":0},"end":{"line":94,"column":38}},"94":{"start":{"line":95,"column":0},"end":{"line":95,"column":30}},"95":{"start":{"line":96,"column":0},"end":{"line":96,"column":5}},"96":{"start":{"line":97,"column":0},"end":{"line":97,"column":0}},"97":{"start":{"line":98,"column":0},"end":{"line":98,"column":35}},"98":{"start":{"line":99,"column":0},"end":{"line":99,"column":31}},"99":{"start":{"line":100,"column":0},"end":{"line":100,"column":32}},"100":{"start":{"line":101,"column":0},"end":{"line":101,"column":5}},"101":{"start":{"line":102,"column":0},"end":{"line":102,"column":0}},"102":{"start":{"line":103,"column":0},"end":{"line":103,"column":71}},"103":{"start":{"line":104,"column":0},"end":{"line":104,"column":62}},"104":{"start":{"line":105,"column":0},"end":{"line":105,"column":66}},"105":{"start":{"line":106,"column":0},"end":{"line":106,"column":0}},"106":{"start":{"line":107,"column":0},"end":{"line":107,"column":39}},"107":{"start":{"line":108,"column":0},"end":{"line":108,"column":29}},"108":{"start":{"line":109,"column":0},"end":{"line":109,"column":44}},"109":{"start":{"line":110,"column":0},"end":{"line":110,"column":5}},"110":{"start":{"line":111,"column":0},"end":{"line":111,"column":0}},"111":{"start":{"line":112,"column":0},"end":{"line":112,"column":41}},"112":{"start":{"line":113,"column":0},"end":{"line":113,"column":39}},"113":{"start":{"line":114,"column":0},"end":{"line":114,"column":48}},"114":{"start":{"line":115,"column":0},"end":{"line":115,"column":51}},"115":{"start":{"line":116,"column":0},"end":{"line":116,"column":5}},"116":{"start":{"line":117,"column":0},"end":{"line":117,"column":0}},"117":{"start":{"line":118,"column":0},"end":{"line":118,"column":97}},"118":{"start":{"line":119,"column":0},"end":{"line":119,"column":0}},"119":{"start":{"line":120,"column":0},"end":{"line":120,"column":10}},"120":{"start":{"line":121,"column":0},"end":{"line":121,"column":10}},"121":{"start":{"line":122,"column":0},"end":{"line":122,"column":16}},"122":{"start":{"line":123,"column":0},"end":{"line":123,"column":53}},"123":{"start":{"line":124,"column":0},"end":{"line":124,"column":13}},"124":{"start":{"line":125,"column":0},"end":{"line":125,"column":9}},"125":{"start":{"line":126,"column":0},"end":{"line":126,"column":11}},"126":{"start":{"line":127,"column":0},"end":{"line":127,"column":62}},"127":{"start":{"line":128,"column":0},"end":{"line":128,"column":59}},"128":{"start":{"line":129,"column":0},"end":{"line":129,"column":4}},"129":{"start":{"line":130,"column":0},"end":{"line":130,"column":1}}},"s":{"0":1,"1":1,"2":1,"3":12,"4":2,"5":2,"6":10,"7":10,"8":10,"9":10,"10":12,"11":1,"12":1,"13":9,"14":12,"15":1,"16":1,"17":8,"18":8,"19":8,"20":1,"21":1,"22":7,"23":7,"24":1,"25":1,"26":1,"27":1,"28":1,"29":6,"30":7,"31":1,"32":1,"33":5,"34":5,"35":5,"36":5,"37":5,"38":7,"39":9,"40":9,"41":5,"42":5,"43":9,"44":1,"45":1,"46":4,"47":4,"48":4,"49":4,"50":4,"51":4,"52":4,"53":4,"54":4,"55":4,"56":4,"57":4,"58":4,"59":1,"60":40,"61":40,"62":74,"63":11,"64":11,"65":11,"66":74,"67":29,"68":29,"69":1,"70":16,"71":16,"72":5,"73":5,"74":10,"75":0,"76":0,"77":16,"78":1,"79":1,"80":5,"81":5,"82":5,"83":5,"84":5,"85":5,"86":5,"87":5,"88":5,"89":5,"90":5,"91":5,"92":5,"93":5,"94":5,"95":5,"96":5,"97":5,"98":5,"99":5,"100":5,"101":5,"102":5,"103":5,"104":5,"105":5,"106":5,"107":5,"108":5,"109":5,"110":5,"111":5,"112":5,"113":5,"114":5,"115":5,"116":5,"117":5,"118":5,"119":5,"120":5,"121":5,"122":5,"123":5,"124":5,"125":5,"126":5,"127":5,"128":5,"129":5},"branchMap":{"0":{"type":"branch","line":3,"loc":{"start":{"line":3,"column":7},"end":{"line":20,"column":1}},"locations":[{"start":{"line":3,"column":7},"end":{"line":20,"column":1}}]},"1":{"type":"branch","line":4,"loc":{"start":{"line":4,"column":13},"end":{"line":4,"column":43}},"locations":[{"start":{"line":4,"column":13},"end":{"line":4,"column":43}}]},"2":{"type":"branch","line":4,"loc":{"start":{"line":4,"column":45},"end":{"line":6,"column":3}},"locations":[{"start":{"line":4,"column":45},"end":{"line":6,"column":3}}]},"3":{"type":"branch","line":6,"loc":{"start":{"line":6,"column":2},"end":{"line":11,"column":4}},"locations":[{"start":{"line":6,"column":2},"end":{"line":11,"column":4}}]},"4":{"type":"branch","line":11,"loc":{"start":{"line":11,"column":4},"end":{"line":13,"column":3}},"locations":[{"start":{"line":11,"column":4},"end":{"line":13,"column":3}}]},"5":{"type":"branch","line":13,"loc":{"start":{"line":13,"column":2},"end":{"line":15,"column":55}},"locations":[{"start":{"line":13,"column":2},"end":{"line":15,"column":55}}]},"6":{"type":"branch","line":15,"loc":{"start":{"line":15,"column":57},"end":{"line":20,"column":1}},"locations":[{"start":{"line":15,"column":57},"end":{"line":20,"column":1}}]},"7":{"type":"branch","line":15,"loc":{"start":{"line":15,"column":57},"end":{"line":17,"column":3}},"locations":[{"start":{"line":15,"column":57},"end":{"line":17,"column":3}}]},"8":{"type":"branch","line":17,"loc":{"start":{"line":17,"column":2},"end":{"line":20,"column":1}},"locations":[{"start":{"line":17,"column":2},"end":{"line":20,"column":1}}]},"9":{"type":"branch","line":22,"loc":{"start":{"line":22,"column":7},"end":{"line":59,"column":1}},"locations":[{"start":{"line":22,"column":7},"end":{"line":59,"column":1}}]},"10":{"type":"branch","line":24,"loc":{"start":{"line":24,"column":27},"end":{"line":29,"column":3}},"locations":[{"start":{"line":24,"column":27},"end":{"line":29,"column":3}}]},"11":{"type":"branch","line":29,"loc":{"start":{"line":29,"column":2},"end":{"line":31,"column":22}},"locations":[{"start":{"line":29,"column":2},"end":{"line":31,"column":22}}]},"12":{"type":"branch","line":31,"loc":{"start":{"line":31,"column":22},"end":{"line":33,"column":3}},"locations":[{"start":{"line":31,"column":22},"end":{"line":33,"column":3}}]},"13":{"type":"branch","line":33,"loc":{"start":{"line":33,"column":2},"end":{"line":39,"column":15}},"locations":[{"start":{"line":33,"column":2},"end":{"line":39,"column":15}}]},"14":{"type":"branch","line":39,"loc":{"start":{"line":39,"column":15},"end":{"line":49,"column":3}},"locations":[{"start":{"line":39,"column":15},"end":{"line":49,"column":3}}]},"15":{"type":"branch","line":41,"loc":{"start":{"line":41,"column":14},"end":{"line":44,"column":26}},"locations":[{"start":{"line":41,"column":14},"end":{"line":44,"column":26}}]},"16":{"type":"branch","line":41,"loc":{"start":{"line":41,"column":14},"end":{"line":41,"column":20}},"locations":[{"start":{"line":41,"column":14},"end":{"line":41,"column":20}}]},"17":{"type":"branch","line":41,"loc":{"start":{"line":41,"column":14},"end":{"line":44,"column":26}},"locations":[{"start":{"line":41,"column":14},"end":{"line":44,"column":26}}]},"18":{"type":"branch","line":44,"loc":{"start":{"line":44,"column":26},"end":{"line":49,"column":3}},"locations":[{"start":{"line":44,"column":26},"end":{"line":49,"column":3}}]},"19":{"type":"branch","line":44,"loc":{"start":{"line":44,"column":26},"end":{"line":46,"column":5}},"locations":[{"start":{"line":44,"column":26},"end":{"line":46,"column":5}}]},"20":{"type":"branch","line":46,"loc":{"start":{"line":46,"column":4},"end":{"line":49,"column":3}},"locations":[{"start":{"line":46,"column":4},"end":{"line":49,"column":3}}]},"21":{"type":"branch","line":49,"loc":{"start":{"line":49,"column":2},"end":{"line":59,"column":1}},"locations":[{"start":{"line":49,"column":2},"end":{"line":59,"column":1}}]},"22":{"type":"branch","line":61,"loc":{"start":{"line":61,"column":0},"end":{"line":69,"column":1}},"locations":[{"start":{"line":61,"column":0},"end":{"line":69,"column":1}}]},"23":{"type":"branch","line":62,"loc":{"start":{"line":62,"column":26},"end":{"line":67,"column":3}},"locations":[{"start":{"line":62,"column":26},"end":{"line":67,"column":3}}]},"24":{"type":"branch","line":63,"loc":{"start":{"line":63,"column":31},"end":{"line":66,"column":5}},"locations":[{"start":{"line":63,"column":31},"end":{"line":66,"column":5}}]},"25":{"type":"branch","line":67,"loc":{"start":{"line":67,"column":2},"end":{"line":69,"column":1}},"locations":[{"start":{"line":67,"column":2},"end":{"line":69,"column":1}}]},"26":{"type":"branch","line":71,"loc":{"start":{"line":71,"column":0},"end":{"line":78,"column":1}},"locations":[{"start":{"line":71,"column":0},"end":{"line":78,"column":1}}]},"27":{"type":"branch","line":72,"loc":{"start":{"line":72,"column":11},"end":{"line":72,"column":39}},"locations":[{"start":{"line":72,"column":11},"end":{"line":72,"column":39}}]},"28":{"type":"branch","line":72,"loc":{"start":{"line":72,"column":41},"end":{"line":72,"column":53}},"locations":[{"start":{"line":72,"column":41},"end":{"line":72,"column":53}}]},"29":{"type":"branch","line":72,"loc":{"start":{"line":72,"column":52},"end":{"line":77,"column":3}},"locations":[{"start":{"line":72,"column":52},"end":{"line":77,"column":3}}]},"30":{"type":"branch","line":72,"loc":{"start":{"line":72,"column":52},"end":{"line":75,"column":4}},"locations":[{"start":{"line":72,"column":52},"end":{"line":75,"column":4}}]},"31":{"type":"branch","line":75,"loc":{"start":{"line":75,"column":4},"end":{"line":77,"column":3}},"locations":[{"start":{"line":75,"column":4},"end":{"line":77,"column":3}}]},"32":{"type":"branch","line":80,"loc":{"start":{"line":80,"column":7},"end":{"line":130,"column":1}},"locations":[{"start":{"line":80,"column":7},"end":{"line":130,"column":1}}]},"33":{"type":"branch","line":118,"loc":{"start":{"line":118,"column":29},"end":{"line":118,"column":86}},"locations":[{"start":{"line":118,"column":29},"end":{"line":118,"column":86}}]},"34":{"type":"branch","line":118,"loc":{"start":{"line":118,"column":75},"end":{"line":118,"column":86}},"locations":[{"start":{"line":118,"column":75},"end":{"line":118,"column":86}}]},"35":{"type":"branch","line":118,"loc":{"start":{"line":118,"column":86},"end":{"line":118,"column":96}},"locations":[{"start":{"line":118,"column":86},"end":{"line":118,"column":96}}]},"36":{"type":"branch","line":83,"loc":{"start":{"line":83,"column":22},"end":{"line":83,"column":77}},"locations":[{"start":{"line":83,"column":22},"end":{"line":83,"column":77}}]},"37":{"type":"branch","line":84,"loc":{"start":{"line":84,"column":26},"end":{"line":84,"column":85}},"locations":[{"start":{"line":84,"column":26},"end":{"line":84,"column":85}}]}},"b":{"0":[12],"1":[10],"2":[2],"3":[10],"4":[1],"5":[9],"6":[9],"7":[1],"8":[8],"9":[7],"10":[1],"11":[6],"12":[1],"13":[5],"14":[9],"15":[6],"16":[4],"17":[5],"18":[7],"19":[1],"20":[4],"21":[4],"22":[40],"23":[74],"24":[11],"25":[29],"26":[16],"27":[5],"28":[11],"29":[10],"30":[5],"31":[0],"32":[5],"33":[1],"34":[0],"35":[4],"36":[20],"37":[35]},"fnMap":{"0":{"name":"parseAndValidateUrl","decl":{"start":{"line":3,"column":7},"end":{"line":20,"column":1}},"loc":{"start":{"line":3,"column":7},"end":{"line":20,"column":1}},"line":3},"1":{"name":"readBodyWithLimit","decl":{"start":{"line":22,"column":7},"end":{"line":59,"column":1}},"loc":{"start":{"line":22,"column":7},"end":{"line":59,"column":1}},"line":22},"2":{"name":"pickFirstNonEmpty","decl":{"start":{"line":61,"column":0},"end":{"line":69,"column":1}},"loc":{"start":{"line":61,"column":0},"end":{"line":69,"column":1}},"line":61},"3":{"name":"resolveMaybeRelativeUrl","decl":{"start":{"line":71,"column":0},"end":{"line":78,"column":1}},"loc":{"start":{"line":71,"column":0},"end":{"line":78,"column":1}},"line":71},"4":{"name":"extractMetadata","decl":{"start":{"line":80,"column":7},"end":{"line":130,"column":1}},"loc":{"start":{"line":80,"column":7},"end":{"line":130,"column":1}},"line":80},"5":{"name":"metaByName","decl":{"start":{"line":83,"column":22},"end":{"line":83,"column":77}},"loc":{"start":{"line":83,"column":22},"end":{"line":83,"column":77}},"line":83},"6":{"name":"metaByProperty","decl":{"start":{"line":84,"column":26},"end":{"line":84,"column":85}},"loc":{"start":{"line":84,"column":26},"end":{"line":84,"column":85}},"line":84}},"f":{"0":12,"1":7,"2":40,"3":16,"4":5,"5":20,"6":35}}
,"/Users/mbadin/myapps/research/page-metadata/src/redis.js": {"path":"/Users/mbadin/myapps/research/page-metadata/src/redis.js","all":false,"statementMap":{"0":{"start":{"line":1,"column":0},"end":{"line":1,"column":37}},"1":{"start":{"line":2,"column":0},"end":{"line":2,"column":40}},"2":{"start":{"line":3,"column":0},"end":{"line":3,"column":0}},"3":{"start":{"line":4,"column":0},"end":{"line":4,"column":23}},"4":{"start":{"line":5,"column":0},"end":{"line":5,"column":0}},"5":{"start":{"line":6,"column":0},"end":{"line":6,"column":79}},"6":{"start":{"line":7,"column":0},"end":{"line":7,"column":0}},"7":{"start":{"line":8,"column":0},"end":{"line":8,"column":18}},"8":{"start":{"line":9,"column":0},"end":{"line":9,"column":75}},"9":{"start":{"line":10,"column":0},"end":{"line":10,"column":33}},"10":{"start":{"line":11,"column":0},"end":{"line":11,"column":22}},"11":{"start":{"line":12,"column":0},"end":{"line":12,"column":5}},"12":{"start":{"line":13,"column":0},"end":{"line":13,"column":31}},"13":{"start":{"line":14,"column":0},"end":{"line":14,"column":23}},"14":{"start":{"line":15,"column":0},"end":{"line":15,"column":5}},"15":{"start":{"line":16,"column":0},"end":{"line":16,"column":33}},"16":{"start":{"line":17,"column":0},"end":{"line":17,"column":23}},"17":{"start":{"line":18,"column":0},"end":{"line":18,"column":5}},"18":{"start":{"line":19,"column":0},"end":{"line":19,"column":91}},"19":{"start":{"line":20,"column":0},"end":{"line":20,"column":19}},"20":{"start":{"line":21,"column":0},"end":{"line":21,"column":39}},"21":{"start":{"line":22,"column":0},"end":{"line":22,"column":25}},"22":{"start":{"line":23,"column":0},"end":{"line":23,"column":7}},"23":{"start":{"line":24,"column":0},"end":{"line":24,"column":3}},"24":{"start":{"line":25,"column":0},"end":{"line":25,"column":1}},"25":{"start":{"line":26,"column":0},"end":{"line":26,"column":0}},"26":{"start":{"line":27,"column":0},"end":{"line":27,"column":33}},"27":{"start":{"line":28,"column":0},"end":{"line":28,"column":20}},"28":{"start":{"line":29,"column":0},"end":{"line":29,"column":1}},"29":{"start":{"line":30,"column":0},"end":{"line":30,"column":0}},"30":{"start":{"line":31,"column":0},"end":{"line":31,"column":34}},"31":{"start":{"line":32,"column":0},"end":{"line":32,"column":10}},"32":{"start":{"line":33,"column":0},"end":{"line":33,"column":34}},"33":{"start":{"line":34,"column":0},"end":{"line":34,"column":22}},"34":{"start":{"line":35,"column":0},"end":{"line":35,"column":53}},"35":{"start":{"line":36,"column":0},"end":{"line":36,"column":55}},"36":{"start":{"line":37,"column":0},"end":{"line":37,"column":19}},"37":{"start":{"line":38,"column":0},"end":{"line":38,"column":4}},"38":{"start":{"line":39,"column":0},"end":{"line":39,"column":1}}},"s":{"0":1,"1":1,"2":1,"3":1,"4":1,"5":1,"6":1,"7":1,"8":3,"9":3,"10":1,"11":3,"12":3,"13":1,"14":3,"15":3,"16":1,"17":3,"18":3,"19":3,"20":2,"21":1,"22":2,"23":2,"24":3,"25":1,"26":1,"27":6,"28":6,"29":1,"30":1,"31":4,"32":4,"33":4,"34":4,"35":4,"36":4,"37":4,"38":4},"branchMap":{"0":{"type":"branch","line":6,"loc":{"start":{"line":6,"column":36},"end":{"line":6,"column":71}},"locations":[{"start":{"line":6,"column":36},"end":{"line":6,"column":71}}]},"1":{"type":"branch","line":6,"loc":{"start":{"line":6,"column":71},"end":{"line":6,"column":78}},"locations":[{"start":{"line":6,"column":71},"end":{"line":6,"column":78}}]},"2":{"type":"branch","line":8,"loc":{"start":{"line":8,"column":17},"end":{"line":25,"column":1}},"locations":[{"start":{"line":8,"column":17},"end":{"line":25,"column":1}}]},"3":{"type":"branch","line":19,"loc":{"start":{"line":19,"column":55},"end":{"line":19,"column":90}},"locations":[{"start":{"line":19,"column":55},"end":{"line":19,"column":90}}]},"4":{"type":"branch","line":20,"loc":{"start":{"line":20,"column":18},"end":{"line":24,"column":3}},"locations":[{"start":{"line":20,"column":18},"end":{"line":24,"column":3}}]},"5":{"type":"branch","line":10,"loc":{"start":{"line":10,"column":26},"end":{"line":12,"column":3}},"locations":[{"start":{"line":10,"column":26},"end":{"line":12,"column":3}}]},"6":{"type":"branch","line":13,"loc":{"start":{"line":13,"column":24},"end":{"line":15,"column":3}},"locations":[{"start":{"line":13,"column":24},"end":{"line":15,"column":3}}]},"7":{"type":"branch","line":16,"loc":{"start":{"line":16,"column":26},"end":{"line":18,"column":3}},"locations":[{"start":{"line":16,"column":26},"end":{"line":18,"column":3}}]},"8":{"type":"branch","line":21,"loc":{"start":{"line":21,"column":32},"end":{"line":23,"column":5}},"locations":[{"start":{"line":21,"column":32},"end":{"line":23,"column":5}}]},"9":{"type":"branch","line":27,"loc":{"start":{"line":27,"column":7},"end":{"line":29,"column":1}},"locations":[{"start":{"line":27,"column":7},"end":{"line":29,"column":1}}]},"10":{"type":"branch","line":31,"loc":{"start":{"line":31,"column":7},"end":{"line":39,"column":1}},"locations":[{"start":{"line":31,"column":7},"end":{"line":39,"column":1}}]},"11":{"type":"branch","line":35,"loc":{"start":{"line":35,"column":23},"end":{"line":35,"column":44}},"locations":[{"start":{"line":35,"column":23},"end":{"line":35,"column":44}}]},"12":{"type":"branch","line":35,"loc":{"start":{"line":35,"column":44},"end":{"line":35,"column":52}},"locations":[{"start":{"line":35,"column":44},"end":{"line":35,"column":52}}]},"13":{"type":"branch","line":36,"loc":{"start":{"line":36,"column":24},"end":{"line":36,"column":46}},"locations":[{"start":{"line":36,"column":24},"end":{"line":36,"column":46}}]},"14":{"type":"branch","line":36,"loc":{"start":{"line":36,"column":46},"end":{"line":36,"column":54}},"locations":[{"start":{"line":36,"column":46},"end":{"line":36,"column":54}}]}},"b":{"0":[3],"1":[4],"2":[3],"3":[2],"4":[2],"5":[1],"6":[1],"7":[1],"8":[1],"9":[6],"10":[4],"11":[1],"12":[3],"13":[1],"14":[3]},"fnMap":{"0":{"name":"getRedisReady","decl":{"start":{"line":27,"column":7},"end":{"line":29,"column":1}},"loc":{"start":{"line":27,"column":7},"end":{"line":29,"column":1}},"line":27},"1":{"name":"getRedisStatus","decl":{"start":{"line":31,"column":7},"end":{"line":39,"column":1}},"loc":{"start":{"line":31,"column":7},"end":{"line":39,"column":1}},"line":31}},"f":{"0":6,"1":4}}
,"/Users/mbadin/myapps/research/page-metadata/src/routes/health.js": {"path":"/Users/mbadin/myapps/research/page-metadata/src/routes/health.js","all":false,"statementMap":{"0":{"start":{"line":1,"column":0},"end":{"line":1,"column":33}},"1":{"start":{"line":2,"column":0},"end":{"line":2,"column":45}},"2":{"start":{"line":3,"column":0},"end":{"line":3,"column":0}},"3":{"start":{"line":4,"column":0},"end":{"line":4,"column":38}},"4":{"start":{"line":5,"column":0},"end":{"line":5,"column":26}},"5":{"start":{"line":6,"column":0},"end":{"line":6,"column":0}},"6":{"start":{"line":7,"column":0},"end":{"line":7,"column":40}},"7":{"start":{"line":8,"column":0},"end":{"line":8,"column":14}},"8":{"start":{"line":9,"column":0},"end":{"line":9,"column":15}},"9":{"start":{"line":10,"column":0},"end":{"line":10,"column":30}},"10":{"start":{"line":11,"column":0},"end":{"line":11,"column":7}},"11":{"start":{"line":12,"column":0},"end":{"line":12,"column":5}},"12":{"start":{"line":13,"column":0},"end":{"line":13,"column":0}},"13":{"start":{"line":14,"column":0},"end":{"line":14,"column":16}},"14":{"start":{"line":15,"column":0},"end":{"line":15,"column":1}}},"s":{"0":1,"1":1,"2":1,"3":1,"4":9,"5":9,"6":9,"7":1,"8":1,"9":1,"10":1,"11":9,"12":9,"13":9,"14":9},"branchMap":{"0":{"type":"branch","line":4,"loc":{"start":{"line":4,"column":7},"end":{"line":15,"column":1}},"locations":[{"start":{"line":4,"column":7},"end":{"line":15,"column":1}}]},"1":{"type":"branch","line":7,"loc":{"start":{"line":7,"column":24},"end":{"line":12,"column":3}},"locations":[{"start":{"line":7,"column":24},"end":{"line":12,"column":3}}]}},"b":{"0":[9],"1":[1]},"fnMap":{"0":{"name":"createHealthRouter","decl":{"start":{"line":4,"column":7},"end":{"line":15,"column":1}},"loc":{"start":{"line":4,"column":7},"end":{"line":15,"column":1}},"line":4}},"f":{"0":9}}
,"/Users/mbadin/myapps/research/page-metadata/src/routes/metadata.js": {"path":"/Users/mbadin/myapps/research/page-metadata/src/routes/metadata.js","all":false,"statementMap":{"0":{"start":{"line":1,"column":0},"end":{"line":1,"column":33}},"1":{"start":{"line":2,"column":0},"end":{"line":2,"column":78}},"2":{"start":{"line":3,"column":0},"end":{"line":3,"column":57}},"3":{"start":{"line":4,"column":0},"end":{"line":4,"column":94}},"4":{"start":{"line":5,"column":0},"end":{"line":5,"column":0}},"5":{"start":{"line":6,"column":0},"end":{"line":6,"column":40}},"6":{"start":{"line":7,"column":0},"end":{"line":7,"column":26}},"7":{"start":{"line":8,"column":0},"end":{"line":8,"column":0}},"8":{"start":{"line":9,"column":0},"end":{"line":9,"column":47}},"9":{"start":{"line":10,"column":0},"end":{"line":10,"column":9}},"10":{"start":{"line":11,"column":0},"end":{"line":11,"column":53}},"11":{"start":{"line":12,"column":0},"end":{"line":12,"column":60}},"12":{"start":{"line":13,"column":0},"end":{"line":13,"column":0}},"13":{"start":{"line":14,"column":0},"end":{"line":14,"column":43}},"14":{"start":{"line":15,"column":0},"end":{"line":15,"column":13}},"15":{"start":{"line":16,"column":0},"end":{"line":16,"column":57}},"16":{"start":{"line":17,"column":0},"end":{"line":17,"column":23}},"17":{"start":{"line":18,"column":0},"end":{"line":18,"column":38}},"18":{"start":{"line":19,"column":0},"end":{"line":19,"column":54}},"19":{"start":{"line":20,"column":0},"end":{"line":20,"column":19}},"20":{"start":{"line":21,"column":0},"end":{"line":21,"column":11}},"21":{"start":{"line":22,"column":0},"end":{"line":22,"column":37}},"22":{"start":{"line":23,"column":0},"end":{"line":23,"column":17}},"23":{"start":{"line":24,"column":0},"end":{"line":24,"column":39}},"24":{"start":{"line":25,"column":0},"end":{"line":25,"column":9}},"25":{"start":{"line":26,"column":0},"end":{"line":26,"column":14}},"26":{"start":{"line":27,"column":0},"end":{"line":27,"column":37}},"27":{"start":{"line":28,"column":0},"end":{"line":28,"column":7}},"28":{"start":{"line":29,"column":0},"end":{"line":29,"column":0}},"29":{"start":{"line":30,"column":0},"end":{"line":30,"column":47}},"30":{"start":{"line":31,"column":0},"end":{"line":31,"column":77}},"31":{"start":{"line":32,"column":0},"end":{"line":32,"column":0}},"32":{"start":{"line":33,"column":0},"end":{"line":33,"column":52}},"33":{"start":{"line":34,"column":0},"end":{"line":34,"column":27}},"34":{"start":{"line":35,"column":0},"end":{"line":35,"column":34}},"35":{"start":{"line":36,"column":0},"end":{"line":36,"column":18}},"36":{"start":{"line":37,"column":0},"end":{"line":37,"column":52}},"37":{"start":{"line":38,"column":0},"end":{"line":38,"column":52}},"38":{"start":{"line":39,"column":0},"end":{"line":39,"column":10}},"39":{"start":{"line":40,"column":0},"end":{"line":40,"column":46}},"40":{"start":{"line":41,"column":0},"end":{"line":41,"column":0}},"41":{"start":{"line":42,"column":0},"end":{"line":42,"column":25}},"42":{"start":{"line":43,"column":0},"end":{"line":43,"column":30}},"43":{"start":{"line":44,"column":0},"end":{"line":44,"column":45}},"44":{"start":{"line":45,"column":0},"end":{"line":45,"column":34}},"45":{"start":{"line":46,"column":0},"end":{"line":46,"column":42}},"46":{"start":{"line":47,"column":0},"end":{"line":47,"column":30}},"47":{"start":{"line":48,"column":0},"end":{"line":48,"column":33}},"48":{"start":{"line":49,"column":0},"end":{"line":49,"column":11}},"49":{"start":{"line":50,"column":0},"end":{"line":50,"column":15}},"50":{"start":{"line":51,"column":0},"end":{"line":51,"column":7}},"51":{"start":{"line":52,"column":0},"end":{"line":52,"column":0}},"52":{"start":{"line":53,"column":0},"end":{"line":53,"column":69}},"53":{"start":{"line":54,"column":0},"end":{"line":54,"column":61}},"54":{"start":{"line":55,"column":0},"end":{"line":55,"column":30}},"55":{"start":{"line":56,"column":0},"end":{"line":56,"column":58}},"56":{"start":{"line":57,"column":0},"end":{"line":57,"column":22}},"57":{"start":{"line":58,"column":0},"end":{"line":58,"column":30}},"58":{"start":{"line":59,"column":0},"end":{"line":59,"column":33}},"59":{"start":{"line":60,"column":0},"end":{"line":60,"column":11}},"60":{"start":{"line":61,"column":0},"end":{"line":61,"column":15}},"61":{"start":{"line":62,"column":0},"end":{"line":62,"column":7}},"62":{"start":{"line":63,"column":0},"end":{"line":63,"column":0}},"63":{"start":{"line":64,"column":0},"end":{"line":64,"column":64}},"64":{"start":{"line":65,"column":0},"end":{"line":65,"column":59}},"65":{"start":{"line":66,"column":0},"end":{"line":66,"column":0}},"66":{"start":{"line":67,"column":0},"end":{"line":67,"column":23}},"67":{"start":{"line":68,"column":0},"end":{"line":68,"column":28}},"68":{"start":{"line":69,"column":0},"end":{"line":69,"column":31}},"69":{"start":{"line":70,"column":0},"end":{"line":70,"column":17}},"70":{"start":{"line":71,"column":0},"end":{"line":71,"column":8}},"71":{"start":{"line":72,"column":0},"end":{"line":72,"column":0}},"72":{"start":{"line":73,"column":0},"end":{"line":73,"column":106}},"73":{"start":{"line":74,"column":0},"end":{"line":74,"column":13}},"74":{"start":{"line":75,"column":0},"end":{"line":75,"column":33}},"75":{"start":{"line":76,"column":0},"end":{"line":76,"column":23}},"76":{"start":{"line":77,"column":0},"end":{"line":77,"column":20}},"77":{"start":{"line":78,"column":0},"end":{"line":78,"column":49}},"78":{"start":{"line":79,"column":0},"end":{"line":79,"column":14}},"79":{"start":{"line":80,"column":0},"end":{"line":80,"column":12}},"80":{"start":{"line":81,"column":0},"end":{"line":81,"column":94}},"81":{"start":{"line":82,"column":0},"end":{"line":82,"column":17}},"82":{"start":{"line":83,"column":0},"end":{"line":83,"column":19}},"83":{"start":{"line":84,"column":0},"end":{"line":84,"column":9}},"84":{"start":{"line":85,"column":0},"end":{"line":85,"column":7}},"85":{"start":{"line":86,"column":0},"end":{"line":86,"column":0}},"86":{"start":{"line":87,"column":0},"end":{"line":87,"column":24}},"87":{"start":{"line":88,"column":0},"end":{"line":88,"column":19}},"88":{"start":{"line":89,"column":0},"end":{"line":89,"column":75}},"89":{"start":{"line":90,"column":0},"end":{"line":90,"column":0}},"90":{"start":{"line":91,"column":0},"end":{"line":91,"column":21}},"91":{"start":{"line":92,"column":0},"end":{"line":92,"column":14}},"92":{"start":{"line":93,"column":0},"end":{"line":93,"column":34}},"93":{"start":{"line":94,"column":0},"end":{"line":94,"column":24}},"94":{"start":{"line":95,"column":0},"end":{"line":95,"column":34}},"95":{"start":{"line":96,"column":0},"end":{"line":96,"column":0}},"96":{"start":{"line":97,"column":0},"end":{"line":97,"column":44}},"97":{"start":{"line":98,"column":0},"end":{"line":98,"column":23}},"98":{"start":{"line":99,"column":0},"end":{"line":99,"column":9}},"99":{"start":{"line":100,"column":0},"end":{"line":100,"column":5}},"100":{"start":{"line":101,"column":0},"end":{"line":101,"column":5}},"101":{"start":{"line":102,"column":0},"end":{"line":102,"column":0}},"102":{"start":{"line":103,"column":0},"end":{"line":103,"column":16}},"103":{"start":{"line":104,"column":0},"end":{"line":104,"column":1}}},"s":{"0":1,"1":1,"2":1,"3":1,"4":1,"5":1,"6":9,"7":9,"8":9,"9":8,"10":8,"11":8,"12":8,"13":8,"14":3,"15":3,"16":2,"17":1,"18":1,"19":1,"20":1,"21":1,"22":3,"23":1,"24":1,"25":8,"26":4,"27":4,"28":6,"29":6,"30":6,"31":6,"32":6,"33":6,"34":6,"35":6,"36":6,"37":6,"38":6,"39":6,"40":5,"41":7,"42":1,"43":1,"44":1,"45":1,"46":1,"47":1,"48":1,"49":1,"50":1,"51":4,"52":8,"53":8,"54":1,"55":1,"56":1,"57":1,"58":1,"59":1,"60":1,"61":1,"62":3,"63":3,"64":3,"65":3,"66":3,"67":3,"68":3,"69":3,"70":3,"71":3,"72":8,"73":2,"74":2,"75":2,"76":2,"77":2,"78":2,"79":2,"80":2,"81":2,"82":0,"83":2,"84":2,"85":3,"86":3,"87":7,"88":2,"89":2,"90":2,"91":2,"92":2,"93":2,"94":2,"95":2,"96":2,"97":2,"98":2,"99":2,"100":9,"101":9,"102":9,"103":9},"branchMap":{"0":{"type":"branch","line":6,"loc":{"start":{"line":6,"column":7},"end":{"line":104,"column":1}},"locations":[{"start":{"line":6,"column":7},"end":{"line":104,"column":1}}]},"1":{"type":"branch","line":9,"loc":{"start":{"line":9,"column":26},"end":{"line":101,"column":3}},"locations":[{"start":{"line":9,"column":26},"end":{"line":101,"column":3}}]},"2":{"type":"branch","line":14,"loc":{"start":{"line":14,"column":21},"end":{"line":14,"column":40}},"locations":[{"start":{"line":14,"column":21},"end":{"line":14,"column":40}}]},"3":{"type":"branch","line":14,"loc":{"start":{"line":14,"column":42},"end":{"line":26,"column":7}},"locations":[{"start":{"line":14,"column":42},"end":{"line":26,"column":7}}]},"4":{"type":"branch","line":16,"loc":{"start":{"line":16,"column":56},"end":{"line":23,"column":10}},"locations":[{"start":{"line":16,"column":56},"end":{"line":23,"column":10}}]},"5":{"type":"branch","line":17,"loc":{"start":{"line":17,"column":22},"end":{"line":23,"column":10}},"locations":[{"start":{"line":17,"column":22},"end":{"line":23,"column":10}}]},"6":{"type":"branch","line":23,"loc":{"start":{"line":23,"column":10},"end":{"line":25,"column":9}},"locations":[{"start":{"line":23,"column":10},"end":{"line":25,"column":9}}]},"7":{"type":"branch","line":26,"loc":{"start":{"line":26,"column":7},"end":{"line":53,"column":68}},"locations":[{"start":{"line":26,"column":7},"end":{"line":53,"column":68}}]},"8":{"type":"branch","line":26,"loc":{"start":{"line":26,"column":7},"end":{"line":40,"column":46}},"locations":[{"start":{"line":26,"column":7},"end":{"line":40,"column":46}}]},"9":{"type":"branch","line":26,"loc":{"start":{"line":26,"column":7},"end":{"line":28,"column":7}},"locations":[{"start":{"line":26,"column":7},"end":{"line":28,"column":7}}]},"10":{"type":"branch","line":40,"loc":{"start":{"line":40,"column":45},"end":{"line":42,"column":24}},"locations":[{"start":{"line":40,"column":45},"end":{"line":42,"column":24}}]},"11":{"type":"branch","line":42,"loc":{"start":{"line":42,"column":24},"end":{"line":51,"column":7}},"locations":[{"start":{"line":42,"column":24},"end":{"line":51,"column":7}}]},"12":{"type":"branch","line":51,"loc":{"start":{"line":51,"column":6},"end":{"line":53,"column":66}},"locations":[{"start":{"line":51,"column":6},"end":{"line":53,"column":66}}]},"13":{"type":"branch","line":53,"loc":{"start":{"line":53,"column":62},"end":{"line":53,"column":68}},"locations":[{"start":{"line":53,"column":62},"end":{"line":53,"column":68}}]},"14":{"type":"branch","line":54,"loc":{"start":{"line":54,"column":60},"end":{"line":73,"column":40}},"locations":[{"start":{"line":54,"column":60},"end":{"line":73,"column":40}}]},"15":{"type":"branch","line":54,"loc":{"start":{"line":54,"column":60},"end":{"line":73,"column":25}},"locations":[{"start":{"line":54,"column":60},"end":{"line":73,"column":25}}]},"16":{"type":"branch","line":54,"loc":{"start":{"line":54,"column":60},"end":{"line":62,"column":7}},"locations":[{"start":{"line":54,"column":60},"end":{"line":62,"column":7}}]},"17":{"type":"branch","line":73,"loc":{"start":{"line":73,"column":21},"end":{"line":73,"column":40}},"locations":[{"start":{"line":73,"column":21},"end":{"line":73,"column":40}}]},"18":{"type":"branch","line":73,"loc":{"start":{"line":73,"column":40},"end":{"line":73,"column":78}},"locations":[{"start":{"line":73,"column":40},"end":{"line":73,"column":78}}]},"19":{"type":"branch","line":73,"loc":{"start":{"line":73,"column":78},"end":{"line":73,"column":103}},"locations":[{"start":{"line":73,"column":78},"end":{"line":73,"column":103}}]},"20":{"type":"branch","line":73,"loc":{"start":{"line":73,"column":105},"end":{"line":100,"column":5}},"locations":[{"start":{"line":73,"column":105},"end":{"line":100,"column":5}}]},"21":{"type":"branch","line":73,"loc":{"start":{"line":73,"column":105},"end":{"line":85,"column":7}},"locations":[{"start":{"line":73,"column":105},"end":{"line":85,"column":7}}]},"22":{"type":"branch","line":82,"loc":{"start":{"line":82,"column":10},"end":{"line":83,"column":19}},"locations":[{"start":{"line":82,"column":10},"end":{"line":83,"column":19}}]},"23":{"type":"branch","line":85,"loc":{"start":{"line":85,"column":6},"end":{"line":88,"column":6}},"locations":[{"start":{"line":85,"column":6},"end":{"line":88,"column":6}}]},"24":{"type":"branch","line":88,"loc":{"start":{"line":88,"column":6},"end":{"line":100,"column":5}},"locations":[{"start":{"line":88,"column":6},"end":{"line":100,"column":5}}]},"25":{"type":"branch","line":89,"loc":{"start":{"line":89,"column":56},"end":{"line":89,"column":74}},"locations":[{"start":{"line":89,"column":56},"end":{"line":89,"column":74}}]},"26":{"type":"branch","line":97,"loc":{"start":{"line":97,"column":24},"end":{"line":97,"column":30}},"locations":[{"start":{"line":97,"column":24},"end":{"line":97,"column":30}}]},"27":{"type":"branch","line":97,"loc":{"start":{"line":97,"column":30},"end":{"line":97,"column":36}},"locations":[{"start":{"line":97,"column":30},"end":{"line":97,"column":36}}]},"28":{"type":"branch","line":40,"loc":{"start":{"line":40,"column":17},"end":{"line":40,"column":44}},"locations":[{"start":{"line":40,"column":17},"end":{"line":40,"column":44}}]}},"b":{"0":[9],"1":[8],"2":[3],"3":[3],"4":[2],"5":[1],"6":[1],"7":[7],"8":[6],"9":[4],"10":[5],"11":[1],"12":[4],"13":[0],"14":[7],"15":[3],"16":[1],"17":[2],"18":[2],"19":[2],"20":[7],"21":[2],"22":[0],"23":[3],"24":[2],"25":[0],"26":[1],"27":[1],"28":[6]},"fnMap":{"0":{"name":"createMetadataRouter","decl":{"start":{"line":6,"column":7},"end":{"line":104,"column":1}},"loc":{"start":{"line":6,"column":7},"end":{"line":104,"column":1}},"line":6}},"f":{"0":9}}
}
